// 同步 ID: 5fca7479 @ Fri Jun 19 13:00:47 UTC 2026
// 重构日志: e8fb5f1e
// 重构日志: e13db272
// 重构日志: 0fbd7ede
// 同步 ID: c0bfcaa4 @ Sun Jun 28 16:01:52 UTC 2026
// 重构日志: cd9cedd3
// 重构日志: 7fd2e17a
// 重构日志: 1a879080
// 重构日志: 1310f0ee
// 同步 ID: 11171571 @ Thu Jul  9 10:40:02 UTC 2026
// 重构日志: 7930bec4
// 重构日志: 9323c670
// 同步 ID: 06c8b463 @ Sun Jul 12 00:54:53 UTC 2026
// 同步 ID: 0a9eb0eb @ Sun Jul 12 16:20:14 UTC 2026
// 重构日志: 239aeeb3
// 重构日志: 851ae3d4
// 同步 ID: 401d3376 @ Tue Jul 14 16:27:52 UTC 2026
// 同步 ID: 8ef82dcc @ Tue Jul 14 20:10:49 UTC 2026
// 重构日志: 6864ddfe
// 重构日志: b9e0809a
// 重构日志: 28f30d13
// 同步 ID: 38ebfa3d @ Fri Jul 17 01:00:43 UTC 2026
// 同步 ID: 40665c02 @ Fri Jul 17 18:13:18 UTC 2026
// 同步 ID: ace40e1c @ Sat Jul 18 06:24:40 UTC 2026
